# JRE version: OpenJDK Runtime Environment (8.0_242-b08) (build 1.8.0_242-8u242-b08-0ubuntu3~16.04-b08)
# Java VM: OpenJDK 64-Bit Server VM (25.242-b08 mixed mode linux-amd64 compressed oops)
Heap:
 PSYoungGen      total 108544K, used 13608K [0x00000000d7900000, 0x00000000e0180000, 0x0000000100000000)
  eden space 101888K, 7% used [0x00000000d7900000,0x00000000d80197e0,0x00000000ddc80000)
  from space 6656K, 95% used [0x00000000dfb00000,0x00000000e0130bc8,0x00000000e0180000)
  to   space 8192K, 0% used [0x00000000df180000,0x00000000df180000,0x00000000df980000)
 ParOldGen       total 50688K, used 6669K [0x0000000086a00000, 0x0000000089b80000, 0x00000000d7900000)
  object space 50688K, 13% used [0x0000000086a00000,0x0000000087083658,0x0000000089b80000)
 Metaspace       used 25251K, capacity 26210K, committed 26496K, reserved 1073152K
  class space    used 3183K, capacity 3401K, committed 3456K, reserved 1048576K
GC Heap History (10 events):
Event: 1,206 GC heap before
{Heap before GC invocations=3 (full 0):
 PSYoungGen      total 36352K, used 35862K [0x00000000d7900000, 0x00000000dc000000, 0x0000000100000000)
  eden space 31232K, 100% used [0x00000000d7900000,0x00000000d9780000,0x00000000d9780000)
  from space 5120K, 90% used [0x00000000d9c80000,0x00000000da105808,0x00000000da180000)
  to   space 5120K, 0% used [0x00000000d9780000,0x00000000d9780000,0x00000000d9c80000)
 ParOldGen       total 83456K, used 8K [0x0000000086a00000, 0x000000008bb80000, 0x00000000d7900000)
  object space 83456K, 0% used [0x0000000086a00000,0x0000000086a02000,0x000000008bb80000)
 Metaspace       used 14450K, capacity 14916K, committed 15104K, reserved 1062912K
  class space    used 1838K, capacity 1958K, committed 2048K, reserved 1048576K
Event: 1,227 GC heap after
Heap after GC invocations=3 (full 0):
 PSYoungGen      total 36352K, used 5117K [0x00000000d7900000, 0x00000000dc000000, 0x0000000100000000)
  eden space 31232K, 0% used [0x00000000d7900000,0x00000000d7900000,0x00000000d9780000)
  from space 5120K, 99% used [0x00000000d9780000,0x00000000d9c7f758,0x00000000d9c80000)
  to   space 5120K, 0% used [0x00000000dbb00000,0x00000000dbb00000,0x00000000dc000000)
 ParOldGen       total 83456K, used 255K [0x0000000086a00000, 0x000000008bb80000, 0x00000000d7900000)
  object space 83456K, 0% used [0x0000000086a00000,0x0000000086a3fc20,0x000000008bb80000)
 Metaspace       used 14450K, capacity 14916K, committed 15104K, reserved 1062912K
  class space    used 1838K, capacity 1958K, committed 2048K, reserved 1048576K
}
Event: 1,569 GC heap before
{Heap before GC invocations=4 (full 0):
 PSYoungGen      total 36352K, used 36349K [0x00000000d7900000, 0x00000000dc000000, 0x0000000100000000)
  eden space 31232K, 100% used [0x00000000d7900000,0x00000000d9780000,0x00000000d9780000)
  from space 5120K, 99% used [0x00000000d9780000,0x00000000d9c7f758,0x00000000d9c80000)
  to   space 5120K, 0% used [0x00000000dbb00000,0x00000000dbb00000,0x00000000dc000000)
 ParOldGen       total 83456K, used 255K [0x0000000086a00000, 0x000000008bb80000, 0x00000000d7900000)
  object space 83456K, 0% used [0x0000000086a00000,0x0000000086a3fc20,0x000000008bb80000)
 Metaspace       used 18089K, capacity 18648K, committed 18816K, reserved 1064960K
  class space    used 2262K, capacity 2404K, committed 2432K, reserved 1048576K
Event: 1,576 GC heap after
Heap after GC invocations=4 (full 0):
 PSYoungGen      total 67584K, used 5108K [0x00000000d7900000, 0x00000000dc000000, 0x0000000100000000)
  eden space 62464K, 0% used [0x00000000d7900000,0x00000000d7900000,0x00000000db600000)
  from space 5120K, 99% used [0x00000000dbb00000,0x00000000dbffd238,0x00000000dc000000)
  to   space 5120K, 0% used [0x00000000db600000,0x00000000db600000,0x00000000dbb00000)
 ParOldGen       total 83456K, used 1992K [0x0000000086a00000, 0x000000008bb80000, 0x00000000d7900000)
  object space 83456K, 2% used [0x0000000086a00000,0x0000000086bf2060,0x000000008bb80000)
 Metaspace       used 18089K, capacity 18648K, committed 18816K, reserved 1064960K
  class space    used 2262K, capacity 2404K, committed 2432K, reserved 1048576K
}
Event: 1,732 GC heap before
{Heap before GC invocations=5 (full 0):
 PSYoungGen      total 67584K, used 29411K [0x00000000d7900000, 0x00000000dc000000, 0x0000000100000000)
  eden space 62464K, 38% used [0x00000000d7900000,0x00000000d90bbd20,0x00000000db600000)
  from space 5120K, 99% used [0x00000000dbb00000,0x00000000dbffd238,0x00000000dc000000)
  to   space 5120K, 0% used [0x00000000db600000,0x00000000db600000,0x00000000dbb00000)
 ParOldGen       total 83456K, used 1992K [0x0000000086a00000, 0x000000008bb80000, 0x00000000d7900000)
  object space 83456K, 2% used [0x0000000086a00000,0x0000000086bf2060,0x000000008bb80000)
 Metaspace       used 20444K, capacity 21088K, committed 21248K, reserved 1067008K
  class space    used 2562K, capacity 2712K, committed 2816K, reserved 1048576K
Event: 1,741 GC heap after
Heap after GC invocations=5 (full 0):
 PSYoungGen      total 67584K, used 5119K [0x00000000d7900000, 0x00000000e0300000, 0x0000000100000000)
  eden space 62464K, 0% used [0x00000000d7900000,0x00000000d7900000,0x00000000db600000)
  from space 5120K, 99% used [0x00000000db600000,0x00000000dbafff30,0x00000000dbb00000)
  to   space 8192K, 0% used [0x00000000dfb00000,0x00000000dfb00000,0x00000000e0300000)
 ParOldGen       total 83456K, used 3721K [0x0000000086a00000, 0x000000008bb80000, 0x00000000d7900000)
  object space 83456K, 4% used [0x0000000086a00000,0x0000000086da2738,0x000000008bb80000)
 Metaspace       used 20444K, capacity 21088K, committed 21248K, reserved 1067008K
  class space    used 2562K, capacity 2712K, committed 2816K, reserved 1048576K
}
Event: 1,741 GC heap before
{Heap before GC invocations=6 (full 1):
 PSYoungGen      total 67584K, used 5119K [0x00000000d7900000, 0x00000000e0300000, 0x0000000100000000)
  eden space 62464K, 0% used [0x00000000d7900000,0x00000000d7900000,0x00000000db600000)
  from space 5120K, 99% used [0x00000000db600000,0x00000000dbafff30,0x00000000dbb00000)
  to   space 8192K, 0% used [0x00000000dfb00000,0x00000000dfb00000,0x00000000e0300000)
 ParOldGen       total 83456K, used 3721K [0x0000000086a00000, 0x000000008bb80000, 0x00000000d7900000)
  object space 83456K, 4% used [0x0000000086a00000,0x0000000086da2738,0x000000008bb80000)
 Metaspace       used 20444K, capacity 21088K, committed 21248K, reserved 1067008K
  class space    used 2562K, capacity 2712K, committed 2816K, reserved 1048576K
Event: 1,780 GC heap after
Heap after GC invocations=6 (full 1):
 PSYoungGen      total 67584K, used 0K [0x00000000d7900000, 0x00000000e0300000, 0x0000000100000000)
  eden space 62464K, 0% used [0x00000000d7900000,0x00000000d7900000,0x00000000db600000)
  from space 5120K, 0% used [0x00000000db600000,0x00000000db600000,0x00000000dbb00000)
  to   space 8192K, 0% used [0x00000000dfb00000,0x00000000dfb00000,0x00000000e0300000)
 ParOldGen       total 50688K, used 6661K [0x0000000086a00000, 0x0000000089b80000, 0x00000000d7900000)
  object space 50688K, 13% used [0x0000000086a00000,0x0000000087081658,0x0000000089b80000)
 Metaspace       used 20444K, capacity 21088K, committed 21248K, reserved 1067008K
  class space    used 2562K, capacity 2712K, committed 2816K, reserved 1048576K
}
Event: 2,558 GC heap before
{Heap before GC invocations=7 (full 1):
 PSYoungGen      total 67584K, used 62464K [0x00000000d7900000, 0x00000000e0300000, 0x0000000100000000)
  eden space 62464K, 100% used [0x00000000d7900000,0x00000000db600000,0x00000000db600000)
  from space 5120K, 0% used [0x00000000db600000,0x00000000db600000,0x00000000dbb00000)
  to   space 8192K, 0% used [0x00000000dfb00000,0x00000000dfb00000,0x00000000e0300000)
 ParOldGen       total 50688K, used 6661K [0x0000000086a00000, 0x0000000089b80000, 0x00000000d7900000)
  object space 50688K, 13% used [0x0000000086a00000,0x0000000087081658,0x0000000089b80000)
 Metaspace       used 24710K, capacity 25598K, committed 25856K, reserved 1071104K
  class space    used 3099K, capacity 3317K, committed 3328K, reserved 1048576K
Event: 2,563 GC heap after
Heap after GC invocations=7 (full 1):
 PSYoungGen      total 108544K, used 6338K [0x00000000d7900000, 0x00000000e0180000, 0x0000000100000000)
  eden space 101888K, 0% used [0x00000000d7900000,0x00000000d7900000,0x00000000ddc80000)
  from space 6656K, 95% used [0x00000000dfb00000,0x00000000e0130bc8,0x00000000e0180000)
  to   space 8192K, 0% used [0x00000000df180000,0x00000000df180000,0x00000000df980000)
 ParOldGen       total 50688K, used 6669K [0x0000000086a00000, 0x0000000089b80000, 0x00000000d7900000)
  object space 50688K, 13% used [0x0000000086a00000,0x0000000087083658,0x0000000089b80000)
 Metaspace       used 24710K, capacity 25598K, committed 25856K, reserved 1071104K
  class space    used 3099K, capacity 3317K, committed 3328K, reserved 1048576K
}

